<?xml version="1.0" encoding="UTF-8"?>
<!-- Generated by org.testng.reporters.JUnitXMLReporter -->
<testsuite hostname="dineshkila" ignored="17" name="Regression" tests="1" failures="0" timestamp="08 Mar 2023 10:50:17 GMT" time="9.248" errors="0">
  <testcase name="CheckOutPageTest" time="2.824" classname="com.swaglabs.testcases.CheckOutPageTest"/>
  <testcase name="verifyShoppingCart" time="0.0" classname="com.swaglabs.testcases.AddToCartPageTest">
    <ignored/>
  </testcase> <!-- verifyShoppingCart -->
  <testcase name="selectJacketTest" time="0.0" classname="com.swaglabs.testcases.HomePageTest">
    <ignored/>
  </testcase> <!-- selectJacketTest -->
  <testcase name="loginTest" time="0.0" classname="com.swaglabs.testcases.LoginPageTest">
    <ignored/>
  </testcase> <!-- loginTest -->
  <testcase name="AddressPageTest" time="0.0" classname="com.swaglabs.testcases.AddressPageTest">
    <ignored/>
  </testcase> <!-- AddressPageTest -->
  <testcase name="AddToCartTest" time="0.0" classname="com.swaglabs.testcases.AddToCartPageTest">
    <ignored/>
  </testcase> <!-- AddToCartTest -->
  <testcase name="ShoppingCartPageTest" time="0.0" classname="com.swaglabs.testcases.ShoppingCartPageTest">
    <ignored/>
  </testcase> <!-- ShoppingCartPageTest -->
  <testcase name="@BeforeSuite ReadConfig" time="0.0" classname="com.swaglabs.base.BaseClass">
    <ignored/>
  </testcase> <!-- @BeforeSuite ReadConfig -->
  <testcase name="@BeforeSuite ReadConfig" time="0.0" classname="com.swaglabs.base.BaseClass">
    <ignored/>
  </testcase> <!-- @BeforeSuite ReadConfig -->
  <testcase name="@BeforeSuite ReadConfig" time="0.0" classname="com.swaglabs.base.BaseClass">
    <ignored/>
  </testcase> <!-- @BeforeSuite ReadConfig -->
  <testcase name="@BeforeSuite ReadConfig" time="0.0" classname="com.swaglabs.base.BaseClass">
    <ignored/>
  </testcase> <!-- @BeforeSuite ReadConfig -->
  <testcase name="@BeforeSuite ReadConfig" time="0.0" classname="com.swaglabs.base.BaseClass">
    <ignored/>
  </testcase> <!-- @BeforeSuite ReadConfig -->
  <testcase name="@AfterSuite afterSuite" time="0.0" classname="com.swaglabs.base.BaseClass">
    <ignored/>
  </testcase> <!-- @AfterSuite afterSuite -->
  <testcase name="@AfterSuite afterSuite" time="0.0" classname="com.swaglabs.base.BaseClass">
    <ignored/>
  </testcase> <!-- @AfterSuite afterSuite -->
  <testcase name="@AfterSuite afterSuite" time="0.0" classname="com.swaglabs.base.BaseClass">
    <ignored/>
  </testcase> <!-- @AfterSuite afterSuite -->
  <testcase name="@AfterSuite afterSuite" time="0.0" classname="com.swaglabs.base.BaseClass">
    <ignored/>
  </testcase> <!-- @AfterSuite afterSuite -->
  <testcase name="@AfterSuite afterSuite" time="0.0" classname="com.swaglabs.base.BaseClass">
    <ignored/>
  </testcase> <!-- @AfterSuite afterSuite -->
  <testcase name="verifyMyLogo" time="0.0" classname="com.swaglabs.testcases.HomePageTest">
    <ignored/>
  </testcase> <!-- verifyMyLogo -->
</testsuite> <!-- Regression -->
